nohup: ignoring input
here() starts at /home/rreynolds/misc_projects/neurodegen-psych-local-corr
Running LAVA version 0.0.6
── Attaching packages ─────────────────────────────────────── tidyverse 1.3.0 ──
✔ ggplot2 3.3.2     ✔ purrr   0.3.4
✔ tibble  3.0.3     ✔ dplyr   1.0.2
✔ tidyr   1.1.1     ✔ stringr 1.4.0
✔ readr   1.4.0     ✔ forcats 0.5.1
── Conflicts ────────────────────────────────────────── tidyverse_conflicts() ──
✖ dplyr::filter() masks stats::filter()
✖ dplyr::lag()    masks stats::lag()
$ref_prefix
[1] "/tools/MAGMA/reference_files/g1000_eur/g1000_eur"

$loc_file
[1] "/home/rreynolds/misc_projects/neurodegen-psych-local-corr/results/01_input_prep/gwas_filtered.loci"

$info_file
[1] "/home/rreynolds/misc_projects/neurodegen-psych-local-corr/results/01_input_prep/input.info.txt"

$sample_overlap_file
[1] "/home/rreynolds/misc_projects/neurodegen-psych-local-corr/results/01_input_prep/sample_overlap.txt"

$phenotypes
[1] "AD2019"                 "BIP2021"                "LBD2020"               
[4] "MDD2019"                "PD2019.meta5.ex23andMe" "SCZ2018"               

$output_filename
[1] "AD2019:BIP2021:LBD2020:MDD2019:PD2019.meta5.ex23andMe:SCZ2018"

[1] "...Reading in sumstats"
[1] "...Reading in SNP info from reference data"
[1] "...Extracting common SNPs"
[1] "~ 6095761 SNPs shared across data sets"
[1] "...Aligning effect alleles to reference data set"
[1] "...Removing 920068 SNPs which could not be aligned, 5175693 remaining"
Joining, by = "locus"
`summarise()` regrouping output by 'locus' (override with `.groups` argument)
Joining, by = "locus"
`summarise()` regrouping output by 'locus' (override with `.groups` argument)
[1] "~ Running multiple regression for outcome 'BIP2021', with predictors 'MDD2019', 'SCZ2018'"
[1] "~ Running multiple regression for outcome 'MDD2019', with predictors 'BIP2021', 'SCZ2018'"
[1] "~ Running multiple regression for outcome 'SCZ2018', with predictors 'BIP2021', 'MDD2019'"
[1] "Warning: Negative variance estimate for phenotype(s) 'LBD2020' in locus 951; Dropping these as they cannot be analysed"
[1] "~ Running multiple regression for outcome 'BIP2021', with predictors 'MDD2019', 'SCZ2018'"
[1] "~ Running multiple regression for outcome 'MDD2019', with predictors 'BIP2021', 'SCZ2018'"
[1] "~ Running multiple regression for outcome 'SCZ2018', with predictors 'BIP2021', 'MDD2019'"
[1] "~ Running multiple regression for outcome 'BIP2021', with predictors 'MDD2019', 'SCZ2018'"
[1] "~ Running multiple regression for outcome 'MDD2019', with predictors 'BIP2021', 'SCZ2018'"
[1] "~ Running multiple regression for outcome 'SCZ2018', with predictors 'BIP2021', 'MDD2019'"
[1] "~ Running multiple regression for outcome 'SCZ2018', with predictors 'BIP2021', 'LBD2020', 'MDD2019'"
[1] "~ Running multiple regression for outcome 'SCZ2018', with predictors 'BIP2021', 'MDD2019'"
[1] "~ Running multiple regression for outcome 'MDD2019', with predictors 'BIP2021', 'SCZ2018'"
[1] "~ Running multiple regression for outcome 'SCZ2018', with predictors 'BIP2021', 'MDD2019'"
[1] "~ Running multiple regression for outcome 'LBD2020', with predictors 'AD2019', 'PD2019.meta5.ex23andMe'"
Warning messages:
1: In sqrt(1/diag(V)) : NaNs produced
2: In cov2cor(draw - sigma) :
  diag(.) had 0 or NA entries; non-finite result is doubtful
3: In sqrt(1/diag(V)) : NaNs produced
4: In cov2cor(draw - sigma) :
  diag(.) had 0 or NA entries; non-finite result is doubtful
5: In sqrt(1/diag(V)) : NaNs produced
6: In cov2cor(draw - sigma) :
  diag(.) had 0 or NA entries; non-finite result is doubtful
Warning message:
In dir.create(out_dir, showWarnings = T) :
  '/home/rreynolds/misc_projects/neurodegen-psych-local-corr/results/03_partial_corr_multi_reg' already exists
[1] "Done! Analysis output written to /home/rreynolds/misc_projects/neurodegen-psych-local-corr/results/03_partial_corr_multi_reg/AD2019:BIP2021:LBD2020:MDD2019:PD2019.meta5.ex23andMe:SCZ2018.multireg.lava.rds"
