nohup: ignoring input
here() starts at /home/rreynolds/misc_projects/neurodegen-psych-local-corr
Running LAVA version 0.0.6
-- Attaching packages --------------------------------------- tidyverse 1.3.1 --
v ggplot2 3.3.5     v purrr   0.3.4
v tibble  3.1.6     v dplyr   1.0.7
v tidyr   1.1.4     v stringr 1.4.0
v readr   2.0.2     v forcats 0.5.1
-- Conflicts ------------------------------------------ tidyverse_conflicts() --
x dplyr::filter() masks stats::filter()
x dplyr::lag()    masks stats::lag()
$ref_prefix
[1] "/tools/MAGMA/reference_files/g1000_eur/g1000_eur"

$loc_file
[1] "/home/rreynolds/misc_projects/neurodegen-psych-local-corr/results/05_noproxy_univar_bivar/filtered.loci"

$info_file
[1] "/home/rreynolds/misc_projects/neurodegen-psych-local-corr/results/05_noproxy_univar_bivar/input.info.txt"

$sample_overlap_file
[1] "/home/rreynolds/misc_projects/neurodegen-psych-local-corr/results/05_noproxy_univar_bivar/sample_overlap.txt"

$phenotypes
[1] "AD2019.Kunkle"           "LBD2020"                
[3] "PD2019.ex23andMe.exUKBB"

$loci_of_interest
[1] 2351

$output_filename
[1] "AD2019.Kunkle:LBD2020:PD2019.ex23andMe.exUKBB"

[1] "...Reading in sumstats"
[1] "...Reading in SNP info from reference data"
[1] "...Extracting common SNPs"
[1] "~ 6330151 SNPs shared across data sets"
[1] "...Aligning effect alleles to reference data set"
[1] "...Removing 953408 SNPs which could not be aligned, 5376743 remaining"
[1] "~ Running multiple regression for outcome 'LBD2020', with predictors 'AD2019.Kunkle', 'PD2019.ex23andMe.exUKBB'"
Warning message:
In dir.create(out_dir, showWarnings = T) :
  '/home/rreynolds/misc_projects/neurodegen-psych-local-corr/results/05_noproxy_univar_bivar' already exists
[1] "Done! Analysis output written to /home/rreynolds/misc_projects/neurodegen-psych-local-corr/results/05_noproxy_univar_bivar/AD2019.Kunkle:LBD2020:PD2019.ex23andMe.exUKBB.multireg.lava.rds"
