*********************************************************************
* LD Score Regression (LDSC)
* Version 1.0.1
* (C) 2014-2019 Brendan Bulik-Sullivan and Hilary Finucane
* Broad Institute of MIT and Harvard / MIT Department of Mathematics
* GNU General Public License v3
*********************************************************************
Call: 
./ldsc.py \
--h2 /data/LDScore/GWAS//AD2019_Kunkle/AD2019.Kunkle.sumstats.gz \
--ref-ld-chr /data/LDScore/Reference_Files/eur_w_ld_chr/ \
--out /home/rreynolds/misc_projects/neurodegen-psych-local-corr/results/00_trait_h2/AD2019.Kunkle_h2 \
--w-ld-chr /data/LDScore/Reference_Files/eur_w_ld_chr/ 

Beginning analysis at Fri Feb 11 16:48:05 2022
Reading summary statistics from /data/LDScore/GWAS//AD2019_Kunkle/AD2019.Kunkle.sumstats.gz ...
Read summary statistics for 1207072 SNPs.
Reading reference panel LD Score from /data/LDScore/Reference_Files/eur_w_ld_chr/[1-22] ... (ldscore_fromlist)
Read reference panel LD Scores for 1290028 SNPs.
Removing partitioned LD Scores with zero variance.
Reading regression weight LD Score from /data/LDScore/Reference_Files/eur_w_ld_chr/[1-22] ... (ldscore_fromlist)
Read regression weight LD Scores for 1290028 SNPs.
After merging with reference panel LD, 1183301 SNPs remain.
After merging with regression SNP LD, 1183301 SNPs remain.
Using two-step estimator with cutoff at 30.
Total Observed scale h2: 0.0713 (0.0114)
Lambda GC: 1.0926
Mean Chi^2: 1.118
Intercept: 1.0302 (0.0084)
Ratio: 0.256 (0.0714)
Analysis finished at Fri Feb 11 16:48:17 2022
Total time elapsed: 12.57s
