*********************************************************************
* LD Score Regression (LDSC)
* Version 1.0.1
* (C) 2014-2019 Brendan Bulik-Sullivan and Hilary Finucane
* Broad Institute of MIT and Harvard / MIT Department of Mathematics
* GNU General Public License v3
*********************************************************************
Call: 
./ldsc.py \
--h2 /data/LDScore/GWAS//BIP2021/BIP2021.sumstats.gz \
--ref-ld-chr /data/LDScore/Reference_Files/eur_w_ld_chr/ \
--out /home/rreynolds/misc_projects/neurodegen-psych-local-corr/results/00_trait_h2/BIP2021_h2 \
--w-ld-chr /data/LDScore/Reference_Files/eur_w_ld_chr/ 

Beginning analysis at Fri Feb 11 16:48:30 2022
Reading summary statistics from /data/LDScore/GWAS//BIP2021/BIP2021.sumstats.gz ...
Read summary statistics for 1142618 SNPs.
Reading reference panel LD Score from /data/LDScore/Reference_Files/eur_w_ld_chr/[1-22] ... (ldscore_fromlist)
Read reference panel LD Scores for 1290028 SNPs.
Removing partitioned LD Scores with zero variance.
Reading regression weight LD Score from /data/LDScore/Reference_Files/eur_w_ld_chr/[1-22] ... (ldscore_fromlist)
Read regression weight LD Scores for 1290028 SNPs.
After merging with reference panel LD, 1137821 SNPs remain.
After merging with regression SNP LD, 1137821 SNPs remain.
Using two-step estimator with cutoff at 30.
Total Observed scale h2: 0.0708 (0.0027)
Lambda GC: 1.453
Mean Chi^2: 1.5926
Intercept: 1.0247 (0.0089)
Ratio: 0.0417 (0.015)
Analysis finished at Fri Feb 11 16:48:42 2022
Total time elapsed: 12.03s
