*********************************************************************
* LD Score Regression (LDSC)
* Version 1.0.1
* (C) 2014-2019 Brendan Bulik-Sullivan and Hilary Finucane
* Broad Institute of MIT and Harvard / MIT Department of Mathematics
* GNU General Public License v3
*********************************************************************
Call: 
./ldsc.py \
--h2 /data/LDScore/GWAS//MDD2019_ex23andMe/MDD2019.sumstats.gz \
--ref-ld-chr /data/LDScore/Reference_Files/eur_w_ld_chr/ \
--out /home/rreynolds/misc_projects/neurodegen-psych-local-corr/results/00_trait_h2/MDD2019_h2 \
--w-ld-chr /data/LDScore/Reference_Files/eur_w_ld_chr/ 

Beginning analysis at Fri Feb 11 16:48:55 2022
Reading summary statistics from /data/LDScore/GWAS//MDD2019_ex23andMe/MDD2019.sumstats.gz ...
Read summary statistics for 1162433 SNPs.
Reading reference panel LD Score from /data/LDScore/Reference_Files/eur_w_ld_chr/[1-22] ... (ldscore_fromlist)
Read reference panel LD Scores for 1290028 SNPs.
Removing partitioned LD Scores with zero variance.
Reading regression weight LD Score from /data/LDScore/Reference_Files/eur_w_ld_chr/[1-22] ... (ldscore_fromlist)
Read regression weight LD Scores for 1290028 SNPs.
After merging with reference panel LD, 1156347 SNPs remain.
After merging with regression SNP LD, 1156347 SNPs remain.
Using two-step estimator with cutoff at 30.
Total Observed scale h2: 0.0598 (0.0023)
Lambda GC: 1.453
Mean Chi^2: 1.5893
Intercept: 1.0017 (0.0098)
Ratio: 0.003 (0.0167)
Analysis finished at Fri Feb 11 16:49:06 2022
Total time elapsed: 11.14s
