*********************************************************************
* LD Score Regression (LDSC)
* Version 1.0.1
* (C) 2014-2019 Brendan Bulik-Sullivan and Hilary Finucane
* Broad Institute of MIT and Harvard / MIT Department of Mathematics
* GNU General Public License v3
*********************************************************************
Call: 
./ldsc.py \
--h2 /data/LDScore/GWAS//PD2019_meta5_ex23andMe_exUKBB/PD2019.ex23andMe.exUKBB.sumstats.gz \
--ref-ld-chr /data/LDScore/Reference_Files/eur_w_ld_chr/ \
--out /home/rreynolds/misc_projects/neurodegen-psych-local-corr/results/00_trait_h2/PD2019.ex23andMe.exUKBB_h2 \
--w-ld-chr /data/LDScore/Reference_Files/eur_w_ld_chr/ 

Beginning analysis at Fri Feb 11 16:49:07 2022
Reading summary statistics from /data/LDScore/GWAS//PD2019_meta5_ex23andMe_exUKBB/PD2019.ex23andMe.exUKBB.sumstats.gz ...
Read summary statistics for 1157516 SNPs.
Reading reference panel LD Score from /data/LDScore/Reference_Files/eur_w_ld_chr/[1-22] ... (ldscore_fromlist)
Read reference panel LD Scores for 1290028 SNPs.
Removing partitioned LD Scores with zero variance.
Reading regression weight LD Score from /data/LDScore/Reference_Files/eur_w_ld_chr/[1-22] ... (ldscore_fromlist)
Read regression weight LD Scores for 1290028 SNPs.
After merging with reference panel LD, 1150524 SNPs remain.
After merging with regression SNP LD, 1150524 SNPs remain.
Using two-step estimator with cutoff at 30.
Total Observed scale h2: 0.3062 (0.0275)
Lambda GC: 1.0679
Mean Chi^2: 1.0928
Intercept: 0.977 (0.0057)
Ratio < 0 (usually indicates GC correction).
Analysis finished at Fri Feb 11 16:49:19 2022
Total time elapsed: 11.71s
