*********************************************************************
* LD Score Regression (LDSC)
* Version 1.0.1
* (C) 2014-2019 Brendan Bulik-Sullivan and Hilary Finucane
* Broad Institute of MIT and Harvard / MIT Department of Mathematics
* GNU General Public License v3
*********************************************************************
Call: 
./ldsc.py \
--h2 /data/LDScore/GWAS//PD2019_meta5_ex23andMe/PD2019.meta5.ex23andMe.sumstats.gz \
--ref-ld-chr /data/LDScore/Reference_Files/eur_w_ld_chr/ \
--out /home/rreynolds/misc_projects/neurodegen-psych-local-corr/results/00_trait_h2/PD2019.meta5.ex23andMe_h2 \
--w-ld-chr /data/LDScore/Reference_Files/eur_w_ld_chr/ 

Beginning analysis at Fri Feb 11 16:49:19 2022
Reading summary statistics from /data/LDScore/GWAS//PD2019_meta5_ex23andMe/PD2019.meta5.ex23andMe.sumstats.gz ...
Read summary statistics for 1135163 SNPs.
Reading reference panel LD Score from /data/LDScore/Reference_Files/eur_w_ld_chr/[1-22] ... (ldscore_fromlist)
Read reference panel LD Scores for 1290028 SNPs.
Removing partitioned LD Scores with zero variance.
Reading regression weight LD Score from /data/LDScore/Reference_Files/eur_w_ld_chr/[1-22] ... (ldscore_fromlist)
Read regression weight LD Scores for 1290028 SNPs.
After merging with reference panel LD, 1129656 SNPs remain.
After merging with regression SNP LD, 1129656 SNPs remain.
Using two-step estimator with cutoff at 30.
Total Observed scale h2: 0.0186 (0.0017)
Lambda GC: 1.0895
Mean Chi^2: 1.136
Intercept: 0.9838 (0.0065)
Ratio < 0 (usually indicates GC correction).
Analysis finished at Fri Feb 11 16:49:31 2022
Total time elapsed: 11.65s
