*********************************************************************
* LD Score Regression (LDSC)
* Version 1.0.1
* (C) 2014-2019 Brendan Bulik-Sullivan and Hilary Finucane
* Broad Institute of MIT and Harvard / MIT Department of Mathematics
* GNU General Public License v3
*********************************************************************
Call: 
./ldsc.py \
--ref-ld-chr /data/LDScore/Reference_Files/eur_w_ld_chr/ \
--out /home/rreynolds/misc_projects/neurodegen-psych-local-corr/results/01_input_prep/ldsc_corr/AD2019_BIP2021_rg \
--rg /data/LDScore/GWAS//AD2019/AD2019.sumstats.gz,/data/LDScore/GWAS//BIP2021/BIP2021.sumstats.gz \
--w-ld-chr /data/LDScore/Reference_Files/eur_w_ld_chr/ 

Beginning analysis at Fri Jun 11 13:42:22 2021
Reading summary statistics from /data/LDScore/GWAS//AD2019/AD2019.sumstats.gz ...
Read summary statistics for 1146109 SNPs.
Reading reference panel LD Score from /data/LDScore/Reference_Files/eur_w_ld_chr/[1-22] ... (ldscore_fromlist)
Read reference panel LD Scores for 1290028 SNPs.
Removing partitioned LD Scores with zero variance.
Reading regression weight LD Score from /data/LDScore/Reference_Files/eur_w_ld_chr/[1-22] ... (ldscore_fromlist)
Read regression weight LD Scores for 1290028 SNPs.
After merging with reference panel LD, 1130562 SNPs remain.
After merging with regression SNP LD, 1130562 SNPs remain.
Computing rg for phenotype 2/2
Reading summary statistics from /data/LDScore/GWAS//BIP2021/BIP2021.sumstats.gz ...
Read summary statistics for 1217311 SNPs.
After merging with summary statistics, 1130562 SNPs remain.
1090610 SNPs with valid alleles.

Heritability of phenotype 1
---------------------------
Total Observed scale h2: 0.0082 (0.0054)
Lambda GC: 1.0864
Mean Chi^2: 1.1262
Intercept: 1.0556 (0.0611)
Ratio: 0.4406 (0.4843)

Heritability of phenotype 2/2
-----------------------------
Total Observed scale h2: 0.0715 (0.0026)
Lambda GC: 1.4602
Mean Chi^2: 1.6036
Intercept: 1.0204 (0.0092)
Ratio: 0.0337 (0.0152)

Genetic Covariance
------------------
Total Observed scale gencov: 0.0031 (0.0012)
Mean z1*z2: 0.0342
Intercept: 0.0065 (0.0054)

Genetic Correlation
-------------------
Genetic Correlation: 0.1266 (0.0585)
Z-score: 2.1647
P: 0.0304


Summary of Genetic Correlation Results
                                            p1                                               p2      rg      se       z       p  h2_obs  h2_obs_se  h2_int  h2_int_se  gcov_int  gcov_int_se
 /data/LDScore/GWAS//AD2019/AD2019.sumstats.gz  /data/LDScore/GWAS//BIP2021/BIP2021.sumstats.gz  0.1266  0.0585  2.1647  0.0304  0.0715     0.0026  1.0204     0.0092    0.0065       0.0054

Analysis finished at Fri Jun 11 13:42:42 2021
Total time elapsed: 20.37s
