*********************************************************************
* LD Score Regression (LDSC)
* Version 1.0.1
* (C) 2014-2019 Brendan Bulik-Sullivan and Hilary Finucane
* Broad Institute of MIT and Harvard / MIT Department of Mathematics
* GNU General Public License v3
*********************************************************************
Call: 
./ldsc.py \
--ref-ld-chr /data/LDScore/Reference_Files/eur_w_ld_chr/ \
--out /home/rreynolds/misc_projects/neurodegen-psych-local-corr/results/01_input_prep/ldsc_corr/BIP2021_BIP2021_rg \
--rg /data/LDScore/GWAS//BIP2021/BIP2021.sumstats.gz,/data/LDScore/GWAS//BIP2021/BIP2021.sumstats.gz \
--w-ld-chr /data/LDScore/Reference_Files/eur_w_ld_chr/ 

Beginning analysis at Fri Jun 11 13:44:34 2021
Reading summary statistics from /data/LDScore/GWAS//BIP2021/BIP2021.sumstats.gz ...
Read summary statistics for 1142618 SNPs.
Reading reference panel LD Score from /data/LDScore/Reference_Files/eur_w_ld_chr/[1-22] ... (ldscore_fromlist)
Read reference panel LD Scores for 1290028 SNPs.
Removing partitioned LD Scores with zero variance.
Reading regression weight LD Score from /data/LDScore/Reference_Files/eur_w_ld_chr/[1-22] ... (ldscore_fromlist)
Read regression weight LD Scores for 1290028 SNPs.
After merging with reference panel LD, 1137821 SNPs remain.
After merging with regression SNP LD, 1137821 SNPs remain.
Computing rg for phenotype 2/2
Reading summary statistics from /data/LDScore/GWAS//BIP2021/BIP2021.sumstats.gz ...
Read summary statistics for 1217311 SNPs.
After merging with summary statistics, 1137821 SNPs remain.
1137821 SNPs with valid alleles.

Heritability of phenotype 1
---------------------------
Total Observed scale h2: 0.0716 (0.0028)
Lambda GC: 1.453
Mean Chi^2: 1.5926
Intercept: 1.02 (0.0091)
Ratio: 0.0338 (0.0153)

Heritability of phenotype 2/2
-----------------------------
Total Observed scale h2: 0.0716 (0.0028)
Lambda GC: 1.453
Mean Chi^2: 1.5926
Intercept: 1.02 (0.0091)
Ratio: 0.0338 (0.0153)

Genetic Covariance
------------------
Total Observed scale gencov: 0.0716 (0.0028)
Mean z1*z2: 1.5926
Intercept: 1.02 (0.0091)

Genetic Correlation
-------------------
Genetic Correlation: 1. (6.2656e-07)
Z-score: 1596030.0952
P: 0.


Summary of Genetic Correlation Results
                                              p1                                               p2  rg          se             z  p  h2_obs  h2_obs_se  h2_int  h2_int_se  gcov_int  gcov_int_se
 /data/LDScore/GWAS//BIP2021/BIP2021.sumstats.gz  /data/LDScore/GWAS//BIP2021/BIP2021.sumstats.gz   1  6.2656e-07  1596030.0952  0  0.0716     0.0028    1.02     0.0091      1.02       0.0091

Analysis finished at Fri Jun 11 13:44:52 2021
Total time elapsed: 17.08s
