*********************************************************************
* LD Score Regression (LDSC)
* Version 1.0.1
* (C) 2014-2019 Brendan Bulik-Sullivan and Hilary Finucane
* Broad Institute of MIT and Harvard / MIT Department of Mathematics
* GNU General Public License v3
*********************************************************************
Call: 
./ldsc.py \
--ref-ld-chr /data/LDScore/Reference_Files/eur_w_ld_chr/ \
--out /home/rreynolds/misc_projects/neurodegen-psych-local-corr/results/01_input_prep/ldsc_corr/BIP2021_SCZ2018_rg \
--rg /data/LDScore/GWAS//BIP2021/BIP2021.sumstats.gz,/data/LDScore/GWAS//SCZ2018/SCZ2018.sumstats.gz \
--w-ld-chr /data/LDScore/Reference_Files/eur_w_ld_chr/ 

Beginning analysis at Fri Jun 11 13:45:58 2021
Reading summary statistics from /data/LDScore/GWAS//BIP2021/BIP2021.sumstats.gz ...
Read summary statistics for 1142618 SNPs.
Reading reference panel LD Score from /data/LDScore/Reference_Files/eur_w_ld_chr/[1-22] ... (ldscore_fromlist)
Read reference panel LD Scores for 1290028 SNPs.
Removing partitioned LD Scores with zero variance.
Reading regression weight LD Score from /data/LDScore/Reference_Files/eur_w_ld_chr/[1-22] ... (ldscore_fromlist)
Read regression weight LD Scores for 1290028 SNPs.
After merging with reference panel LD, 1137821 SNPs remain.
After merging with regression SNP LD, 1137821 SNPs remain.
Computing rg for phenotype 2/2
Reading summary statistics from /data/LDScore/GWAS//SCZ2018/SCZ2018.sumstats.gz ...
Read summary statistics for 1217311 SNPs.
After merging with summary statistics, 1137821 SNPs remain.
1113028 SNPs with valid alleles.

Heritability of phenotype 1
---------------------------
Total Observed scale h2: 0.0718 (0.0028)
Lambda GC: 1.4566
Mean Chi^2: 1.5947
Intercept: 1.0178 (0.0096)
Ratio: 0.0299 (0.0161)

Heritability of phenotype 2/2
-----------------------------
Total Observed scale h2: 0.4209 (0.0155)
Lambda GC: 1.6869
Mean Chi^2: 1.9367
Intercept: 1.056 (0.0124)
Ratio: 0.0598 (0.0132)

Genetic Covariance
------------------
Total Observed scale gencov: 0.1204 (0.0051)
Mean z1*z2: 0.6269
Intercept: 0.134 (0.0078)

Genetic Correlation
-------------------
Genetic Correlation: 0.6925 (0.0174)
Z-score: 39.7256
P: 0.


Summary of Genetic Correlation Results
                                              p1                                               p2      rg      se        z  p  h2_obs  h2_obs_se  h2_int  h2_int_se  gcov_int  gcov_int_se
 /data/LDScore/GWAS//BIP2021/BIP2021.sumstats.gz  /data/LDScore/GWAS//SCZ2018/SCZ2018.sumstats.gz  0.6925  0.0174  39.7256  0  0.4209     0.0155   1.056     0.0124     0.134       0.0078

Analysis finished at Fri Jun 11 13:46:15 2021
Total time elapsed: 16.83s
