*********************************************************************
* LD Score Regression (LDSC)
* Version 1.0.1
* (C) 2014-2019 Brendan Bulik-Sullivan and Hilary Finucane
* Broad Institute of MIT and Harvard / MIT Department of Mathematics
* GNU General Public License v3
*********************************************************************
Call: 
./ldsc.py \
--ref-ld-chr /data/LDScore/Reference_Files/eur_w_ld_chr/ \
--out /home/rreynolds/misc_projects/neurodegen-psych-local-corr/results/01_input_prep/ldsc_corr/LBD2020_SCZ2018_rg \
--rg /data/LDScore/GWAS//LBD2020/LBD2020.sumstats.gz,/data/LDScore/GWAS//SCZ2018/SCZ2018.sumstats.gz \
--w-ld-chr /data/LDScore/Reference_Files/eur_w_ld_chr/ 

Beginning analysis at Fri Jun 11 13:48:11 2021
Reading summary statistics from /data/LDScore/GWAS//LBD2020/LBD2020.sumstats.gz ...
Read summary statistics for 1076948 SNPs.
Reading reference panel LD Score from /data/LDScore/Reference_Files/eur_w_ld_chr/[1-22] ... (ldscore_fromlist)
Read reference panel LD Scores for 1290028 SNPs.
Removing partitioned LD Scores with zero variance.
Reading regression weight LD Score from /data/LDScore/Reference_Files/eur_w_ld_chr/[1-22] ... (ldscore_fromlist)
Read regression weight LD Scores for 1290028 SNPs.
After merging with reference panel LD, 1071210 SNPs remain.
After merging with regression SNP LD, 1071210 SNPs remain.
Computing rg for phenotype 2/2
Reading summary statistics from /data/LDScore/GWAS//SCZ2018/SCZ2018.sumstats.gz ...
Read summary statistics for 1217311 SNPs.
After merging with summary statistics, 1071210 SNPs remain.
1047231 SNPs with valid alleles.

Heritability of phenotype 1
---------------------------
Total Observed scale h2: 0.16 (0.0827)
Lambda GC: 1.0225
Mean Chi^2: 1.0244
Intercept: 1.0031 (0.0084)
Ratio: 0.1288 (0.3457)

Heritability of phenotype 2/2
-----------------------------
Total Observed scale h2: 0.4211 (0.0144)
Lambda GC: 1.6792
Mean Chi^2: 1.9287
Intercept: 1.0543 (0.0114)
Ratio: 0.0585 (0.0123)

Genetic Covariance
------------------
Total Observed scale gencov: -0.0081 (0.0192)
Mean z1*z2: 0.0045
Intercept: 0.0068 (0.0061)

Genetic Correlation
-------------------
Genetic Correlation: -0.0312 (0.0755)
Z-score: -0.4134
P: 0.6793


Summary of Genetic Correlation Results
                                              p1                                               p2      rg      se       z       p  h2_obs  h2_obs_se  h2_int  h2_int_se  gcov_int  gcov_int_se
 /data/LDScore/GWAS//LBD2020/LBD2020.sumstats.gz  /data/LDScore/GWAS//SCZ2018/SCZ2018.sumstats.gz -0.0312  0.0755 -0.4134  0.6793  0.4211     0.0144  1.0543     0.0114    0.0068       0.0061

Analysis finished at Fri Jun 11 13:48:28 2021
Total time elapsed: 16.89s
