*********************************************************************
* LD Score Regression (LDSC)
* Version 1.0.1
* (C) 2014-2019 Brendan Bulik-Sullivan and Hilary Finucane
* Broad Institute of MIT and Harvard / MIT Department of Mathematics
* GNU General Public License v3
*********************************************************************
Call: 
./ldsc.py \
--ref-ld-chr /data/LDScore/Reference_Files/eur_w_ld_chr/ \
--out /home/rreynolds/misc_projects/neurodegen-psych-local-corr/results/01_input_prep/ldsc_corr/LBD2020_AD2019_rg \
--rg /data/LDScore/GWAS//LBD2020/LBD2020.sumstats.gz,/data/LDScore/GWAS//AD2019/AD2019.sumstats.gz \
--w-ld-chr /data/LDScore/Reference_Files/eur_w_ld_chr/ 

Beginning analysis at Fri Jun 11 13:46:17 2021
Reading summary statistics from /data/LDScore/GWAS//LBD2020/LBD2020.sumstats.gz ...
Read summary statistics for 1076948 SNPs.
Reading reference panel LD Score from /data/LDScore/Reference_Files/eur_w_ld_chr/[1-22] ... (ldscore_fromlist)
Read reference panel LD Scores for 1290028 SNPs.
Removing partitioned LD Scores with zero variance.
Reading regression weight LD Score from /data/LDScore/Reference_Files/eur_w_ld_chr/[1-22] ... (ldscore_fromlist)
Read regression weight LD Scores for 1290028 SNPs.
After merging with reference panel LD, 1071210 SNPs remain.
After merging with regression SNP LD, 1071210 SNPs remain.
Computing rg for phenotype 2/2
Reading summary statistics from /data/LDScore/GWAS//AD2019/AD2019.sumstats.gz ...
Read summary statistics for 1217311 SNPs.
After merging with summary statistics, 1071210 SNPs remain.
1024205 SNPs with valid alleles.

Heritability of phenotype 1
---------------------------
Total Observed scale h2: 0.176 (0.0798)
Lambda GC: 1.0225
Mean Chi^2: 1.0244
Intercept: 1.0007 (0.008)
Ratio: 0.0297 (0.328)

Heritability of phenotype 2/2
-----------------------------
Total Observed scale h2: 0.008 (0.0054)
Lambda GC: 1.0833
Mean Chi^2: 1.1247
Intercept: 1.0564 (0.0621)
Ratio: 0.4527 (0.4979)

Genetic Covariance
------------------
Total Observed scale gencov: 0.0141 (0.013)
Mean z1*z2: 0.0416
Intercept: 0.0266 (0.0149)

Genetic Correlation
-------------------
Genetic Correlation: 0.3769 (0.2345)
Z-score: 1.6073
P: 0.108


Summary of Genetic Correlation Results
                                              p1                                             p2      rg      se       z      p  h2_obs  h2_obs_se  h2_int  h2_int_se  gcov_int  gcov_int_se
 /data/LDScore/GWAS//LBD2020/LBD2020.sumstats.gz  /data/LDScore/GWAS//AD2019/AD2019.sumstats.gz  0.3769  0.2345  1.6073  0.108   0.008     0.0054  1.0564     0.0621    0.0266       0.0149

Analysis finished at Fri Jun 11 13:46:32 2021
Total time elapsed: 15.39s
