*********************************************************************
* LD Score Regression (LDSC)
* Version 1.0.1
* (C) 2014-2019 Brendan Bulik-Sullivan and Hilary Finucane
* Broad Institute of MIT and Harvard / MIT Department of Mathematics
* GNU General Public License v3
*********************************************************************
Call: 
./ldsc.py \
--ref-ld-chr /data/LDScore/Reference_Files/eur_w_ld_chr/ \
--out /home/rreynolds/misc_projects/neurodegen-psych-local-corr/results/01_input_prep/ldsc_corr/LBD2020_PD2019_rg \
--rg /data/LDScore/GWAS//LBD2020/LBD2020.sumstats.gz,/data/LDScore/GWAS//PD2019_meta5_ex23andMe/PD2019.meta5.ex23andMe.sumstats.gz \
--w-ld-chr /data/LDScore/Reference_Files/eur_w_ld_chr/ 

Beginning analysis at Fri Jun 11 13:47:53 2021
Reading summary statistics from /data/LDScore/GWAS//LBD2020/LBD2020.sumstats.gz ...
Read summary statistics for 1076948 SNPs.
Reading reference panel LD Score from /data/LDScore/Reference_Files/eur_w_ld_chr/[1-22] ... (ldscore_fromlist)
Read reference panel LD Scores for 1290028 SNPs.
Removing partitioned LD Scores with zero variance.
Reading regression weight LD Score from /data/LDScore/Reference_Files/eur_w_ld_chr/[1-22] ... (ldscore_fromlist)
Read regression weight LD Scores for 1290028 SNPs.
After merging with reference panel LD, 1071210 SNPs remain.
After merging with regression SNP LD, 1071210 SNPs remain.
Computing rg for phenotype 2/2
Reading summary statistics from /data/LDScore/GWAS//PD2019_meta5_ex23andMe/PD2019.meta5.ex23andMe.sumstats.gz ...
Read summary statistics for 1217311 SNPs.
After merging with summary statistics, 1071210 SNPs remain.
1030099 SNPs with valid alleles.

Heritability of phenotype 1
---------------------------
Total Observed scale h2: 0.1697 (0.0833)
Lambda GC: 1.0225
Mean Chi^2: 1.0246
Intercept: 1.0018 (0.0087)
Ratio: 0.0724 (0.3522)

Heritability of phenotype 2/2
-----------------------------
Total Observed scale h2: 0.0193 (0.002)
Lambda GC: 1.0864
Mean Chi^2: 1.1367
Intercept: 0.9797 (0.0076)
Ratio < 0 (usually indicates GC correction).

Genetic Covariance
------------------
Total Observed scale gencov: 0.0357 (0.0068)
Mean z1*z2: 0.0499
Intercept: 0.0127 (0.0046)

Genetic Correlation
-------------------
Genetic Correlation: 0.6238 (0.1692)
Z-score: 3.6869
P: 0.0002


Summary of Genetic Correlation Results
                                              p1                                                                             p2      rg      se       z       p  h2_obs  h2_obs_se  h2_int  h2_int_se  gcov_int  gcov_int_se
 /data/LDScore/GWAS//LBD2020/LBD2020.sumstats.gz  /data/LDScore/GWAS//PD2019_meta5_ex23andMe/PD2019.meta5.ex23andMe.sumstats.gz  0.6238  0.1692  3.6869  0.0002  0.0193      0.002  0.9797     0.0076    0.0127       0.0046

Analysis finished at Fri Jun 11 13:48:09 2021
Total time elapsed: 16.51s
