*********************************************************************
* LD Score Regression (LDSC)
* Version 1.0.1
* (C) 2014-2019 Brendan Bulik-Sullivan and Hilary Finucane
* Broad Institute of MIT and Harvard / MIT Department of Mathematics
* GNU General Public License v3
*********************************************************************
Call: 
./ldsc.py \
--ref-ld-chr /data/LDScore/Reference_Files/eur_w_ld_chr/ \
--out /home/rreynolds/misc_projects/neurodegen-psych-local-corr/results/01_input_prep/ldsc_corr/LBD2020_BIP2021_rg \
--rg /data/LDScore/GWAS//LBD2020/LBD2020.sumstats.gz,/data/LDScore/GWAS//BIP2021/BIP2021.sumstats.gz \
--w-ld-chr /data/LDScore/Reference_Files/eur_w_ld_chr/ 

Beginning analysis at Fri Jun 11 13:46:34 2021
Reading summary statistics from /data/LDScore/GWAS//LBD2020/LBD2020.sumstats.gz ...
Read summary statistics for 1076948 SNPs.
Reading reference panel LD Score from /data/LDScore/Reference_Files/eur_w_ld_chr/[1-22] ... (ldscore_fromlist)
Read reference panel LD Scores for 1290028 SNPs.
Removing partitioned LD Scores with zero variance.
Reading regression weight LD Score from /data/LDScore/Reference_Files/eur_w_ld_chr/[1-22] ... (ldscore_fromlist)
Read regression weight LD Scores for 1290028 SNPs.
After merging with reference panel LD, 1071210 SNPs remain.
After merging with regression SNP LD, 1071210 SNPs remain.
Computing rg for phenotype 2/2
Reading summary statistics from /data/LDScore/GWAS//BIP2021/BIP2021.sumstats.gz ...
Read summary statistics for 1217311 SNPs.
After merging with summary statistics, 1071210 SNPs remain.
1036811 SNPs with valid alleles.

Heritability of phenotype 1
---------------------------
Total Observed scale h2: 0.133 (0.0797)
Lambda GC: 1.0225
Mean Chi^2: 1.0242
Intercept: 1.0066 (0.0082)
Ratio: 0.2715 (0.3373)

Heritability of phenotype 2/2
-----------------------------
Total Observed scale h2: 0.0723 (0.0027)
Lambda GC: 1.4566
Mean Chi^2: 1.5972
Intercept: 1.0205 (0.0093)
Ratio: 0.0343 (0.0155)

Genetic Covariance
------------------
Total Observed scale gencov: -0.0114 (0.0089)
Mean z1*z2: -0.0007
Intercept: 0.0081 (0.0054)

Genetic Correlation
-------------------
Genetic Correlation: -0.1158 (0.0989)
Z-score: -1.1713
P: 0.2415


Summary of Genetic Correlation Results
                                              p1                                               p2      rg      se       z       p  h2_obs  h2_obs_se  h2_int  h2_int_se  gcov_int  gcov_int_se
 /data/LDScore/GWAS//LBD2020/LBD2020.sumstats.gz  /data/LDScore/GWAS//BIP2021/BIP2021.sumstats.gz -0.1158  0.0989 -1.1713  0.2415  0.0723     0.0027  1.0205     0.0093    0.0081       0.0054

Analysis finished at Fri Jun 11 13:46:51 2021
Total time elapsed: 16.76s
