*********************************************************************
* LD Score Regression (LDSC)
* Version 1.0.1
* (C) 2014-2019 Brendan Bulik-Sullivan and Hilary Finucane
* Broad Institute of MIT and Harvard / MIT Department of Mathematics
* GNU General Public License v3
*********************************************************************
Call: 
./ldsc.py \
--ref-ld-chr /data/LDScore/Reference_Files/eur_w_ld_chr/ \
--out /home/rreynolds/misc_projects/neurodegen-psych-local-corr/results/01_input_prep/ldsc_corr/MDD2019_LBD2020_rg \
--rg /data/LDScore/GWAS//MDD2019_ex23andMe/MDD2019.sumstats.gz,/data/LDScore/GWAS//LBD2020/LBD2020.sumstats.gz \
--w-ld-chr /data/LDScore/Reference_Files/eur_w_ld_chr/ 

Beginning analysis at Fri Jun 11 13:49:26 2021
Reading summary statistics from /data/LDScore/GWAS//MDD2019_ex23andMe/MDD2019.sumstats.gz ...
Read summary statistics for 1162433 SNPs.
Reading reference panel LD Score from /data/LDScore/Reference_Files/eur_w_ld_chr/[1-22] ... (ldscore_fromlist)
Read reference panel LD Scores for 1290028 SNPs.
Removing partitioned LD Scores with zero variance.
Reading regression weight LD Score from /data/LDScore/Reference_Files/eur_w_ld_chr/[1-22] ... (ldscore_fromlist)
Read regression weight LD Scores for 1290028 SNPs.
After merging with reference panel LD, 1156347 SNPs remain.
After merging with regression SNP LD, 1156347 SNPs remain.
Computing rg for phenotype 2/2
Reading summary statistics from /data/LDScore/GWAS//LBD2020/LBD2020.sumstats.gz ...
Read summary statistics for 1217311 SNPs.
After merging with summary statistics, 1156347 SNPs remain.
1052504 SNPs with valid alleles.

Heritability of phenotype 1
---------------------------
Total Observed scale h2: 0.0614 (0.0025)
Lambda GC: 1.453
Mean Chi^2: 1.5921
Intercept: 0.9917 (0.0106)
Ratio < 0 (usually indicates GC correction).

Heritability of phenotype 2/2
-----------------------------
Total Observed scale h2: 0.1828 (0.0825)
Lambda GC: 1.0225
Mean Chi^2: 1.0243
Intercept: 1. (0.0087)
Ratio < 0 (usually indicates GC correction).

Genetic Covariance
------------------
Total Observed scale gencov: -0.0004 (0.0089)
Mean z1*z2: 0.0005
Intercept: 0.0004 (0.0054)

Genetic Correlation
-------------------
Genetic Correlation: -0.004 (0.084)
Z-score: -0.0478
P: 0.9619


Summary of Genetic Correlation Results
                                                        p1                                               p2     rg     se       z       p  h2_obs  h2_obs_se  h2_int  h2_int_se  gcov_int  gcov_int_se
 /data/LDScore/GWAS//MDD2019_ex23andMe/MDD2019.sumstats.gz  /data/LDScore/GWAS//LBD2020/LBD2020.sumstats.gz -0.004  0.084 -0.0478  0.9619  0.1828     0.0825       1     0.0087    0.0004       0.0054

Analysis finished at Fri Jun 11 13:49:44 2021
Total time elapsed: 18.7s
