*********************************************************************
* LD Score Regression (LDSC)
* Version 1.0.1
* (C) 2014-2019 Brendan Bulik-Sullivan and Hilary Finucane
* Broad Institute of MIT and Harvard / MIT Department of Mathematics
* GNU General Public License v3
*********************************************************************
Call: 
./ldsc.py \
--ref-ld-chr /data/LDScore/Reference_Files/eur_w_ld_chr/ \
--out /home/rreynolds/misc_projects/neurodegen-psych-local-corr/results/01_input_prep/ldsc_corr/MDD2019_MDD2019_rg \
--rg /data/LDScore/GWAS//MDD2019_ex23andMe/MDD2019.sumstats.gz,/data/LDScore/GWAS//MDD2019_ex23andMe/MDD2019.sumstats.gz \
--w-ld-chr /data/LDScore/Reference_Files/eur_w_ld_chr/ 

Beginning analysis at Fri Jun 11 13:49:46 2021
Reading summary statistics from /data/LDScore/GWAS//MDD2019_ex23andMe/MDD2019.sumstats.gz ...
Read summary statistics for 1162433 SNPs.
Reading reference panel LD Score from /data/LDScore/Reference_Files/eur_w_ld_chr/[1-22] ... (ldscore_fromlist)
Read reference panel LD Scores for 1290028 SNPs.
Removing partitioned LD Scores with zero variance.
Reading regression weight LD Score from /data/LDScore/Reference_Files/eur_w_ld_chr/[1-22] ... (ldscore_fromlist)
Read regression weight LD Scores for 1290028 SNPs.
After merging with reference panel LD, 1156347 SNPs remain.
After merging with regression SNP LD, 1156347 SNPs remain.
Computing rg for phenotype 2/2
Reading summary statistics from /data/LDScore/GWAS//MDD2019_ex23andMe/MDD2019.sumstats.gz ...
Read summary statistics for 1217311 SNPs.
After merging with summary statistics, 1156347 SNPs remain.
1156347 SNPs with valid alleles.

Heritability of phenotype 1
---------------------------
Total Observed scale h2: 0.0608 (0.0024)
Lambda GC: 1.453
Mean Chi^2: 1.5893
Intercept: 0.9946 (0.0103)
Ratio < 0 (usually indicates GC correction).

Heritability of phenotype 2/2
-----------------------------
Total Observed scale h2: 0.0608 (0.0024)
Lambda GC: 1.453
Mean Chi^2: 1.5893
Intercept: 0.9946 (0.0103)
Ratio < 0 (usually indicates GC correction).

Genetic Covariance
------------------
Total Observed scale gencov: 0.0608 (0.0024)
Mean z1*z2: 1.5893
Intercept: 0.9946 (0.0103)

Genetic Correlation
-------------------
Genetic Correlation: 1. (3.4462e-09)
Z-score: 2.9017e+08
P: 0.


Summary of Genetic Correlation Results
                                                        p1                                                         p2  rg          se           z  p  h2_obs  h2_obs_se  h2_int  h2_int_se  gcov_int  gcov_int_se
 /data/LDScore/GWAS//MDD2019_ex23andMe/MDD2019.sumstats.gz  /data/LDScore/GWAS//MDD2019_ex23andMe/MDD2019.sumstats.gz   1  3.4462e-09  2.9017e+08  0  0.0608     0.0024  0.9946     0.0103    0.9946       0.0103

Analysis finished at Fri Jun 11 13:50:07 2021
Total time elapsed: 21.34s
