*********************************************************************
* LD Score Regression (LDSC)
* Version 1.0.1
* (C) 2014-2019 Brendan Bulik-Sullivan and Hilary Finucane
* Broad Institute of MIT and Harvard / MIT Department of Mathematics
* GNU General Public License v3
*********************************************************************
Call: 
./ldsc.py \
--ref-ld-chr /data/LDScore/Reference_Files/eur_w_ld_chr/ \
--out /home/rreynolds/misc_projects/neurodegen-psych-local-corr/results/01_input_prep/ldsc_corr/PD2019_SCZ2018_rg \
--rg /data/LDScore/GWAS//PD2019_meta5_ex23andMe/PD2019.meta5.ex23andMe.sumstats.gz,/data/LDScore/GWAS//SCZ2018/SCZ2018.sumstats.gz \
--w-ld-chr /data/LDScore/Reference_Files/eur_w_ld_chr/ 

Beginning analysis at Fri Jun 11 13:52:52 2021
Reading summary statistics from /data/LDScore/GWAS//PD2019_meta5_ex23andMe/PD2019.meta5.ex23andMe.sumstats.gz ...
Read summary statistics for 1135163 SNPs.
Reading reference panel LD Score from /data/LDScore/Reference_Files/eur_w_ld_chr/[1-22] ... (ldscore_fromlist)
Read reference panel LD Scores for 1290028 SNPs.
Removing partitioned LD Scores with zero variance.
Reading regression weight LD Score from /data/LDScore/Reference_Files/eur_w_ld_chr/[1-22] ... (ldscore_fromlist)
Read regression weight LD Scores for 1290028 SNPs.
After merging with reference panel LD, 1129656 SNPs remain.
After merging with regression SNP LD, 1129656 SNPs remain.
Computing rg for phenotype 2/2
Reading summary statistics from /data/LDScore/GWAS//SCZ2018/SCZ2018.sumstats.gz ...
Read summary statistics for 1217311 SNPs.
After merging with summary statistics, 1129656 SNPs remain.
1105749 SNPs with valid alleles.

Heritability of phenotype 1
---------------------------
Total Observed scale h2: 0.019 (0.0018)
Lambda GC: 1.0895
Mean Chi^2: 1.1363
Intercept: 0.9796 (0.0073)
Ratio < 0 (usually indicates GC correction).

Heritability of phenotype 2/2
-----------------------------
Total Observed scale h2: 0.4214 (0.0145)
Lambda GC: 1.6946
Mean Chi^2: 1.9476
Intercept: 1.0544 (0.0116)
Ratio: 0.0574 (0.0123)

Genetic Covariance
------------------
Total Observed scale gencov: 0.0021 (0.0028)
Mean z1*z2: 0.0089
Intercept: 0.003 (0.0058)

Genetic Correlation
-------------------
Genetic Correlation: 0.0239 (0.0307)
Z-score: 0.7777
P: 0.4367


Summary of Genetic Correlation Results
                                                                            p1                                               p2      rg      se       z       p  h2_obs  h2_obs_se  h2_int  h2_int_se  gcov_int  gcov_int_se
 /data/LDScore/GWAS//PD2019_meta5_ex23andMe/PD2019.meta5.ex23andMe.sumstats.gz  /data/LDScore/GWAS//SCZ2018/SCZ2018.sumstats.gz  0.0239  0.0307  0.7777  0.4367  0.4214     0.0145  1.0544     0.0116     0.003       0.0058

Analysis finished at Fri Jun 11 13:53:10 2021
Total time elapsed: 18.61s
