*********************************************************************
* LD Score Regression (LDSC)
* Version 1.0.1
* (C) 2014-2019 Brendan Bulik-Sullivan and Hilary Finucane
* Broad Institute of MIT and Harvard / MIT Department of Mathematics
* GNU General Public License v3
*********************************************************************
Call: 
./ldsc.py \
--ref-ld-chr /data/LDScore/Reference_Files/eur_w_ld_chr/ \
--out /home/rreynolds/misc_projects/neurodegen-psych-local-corr/results/01_input_prep/ldsc_corr/PD2019_MDD2019_rg \
--rg /data/LDScore/GWAS//PD2019_meta5_ex23andMe/PD2019.meta5.ex23andMe.sumstats.gz,/data/LDScore/GWAS//MDD2019_ex23andMe/MDD2019.sumstats.gz \
--w-ld-chr /data/LDScore/Reference_Files/eur_w_ld_chr/ 

Beginning analysis at Fri Jun 11 13:52:14 2021
Reading summary statistics from /data/LDScore/GWAS//PD2019_meta5_ex23andMe/PD2019.meta5.ex23andMe.sumstats.gz ...
Read summary statistics for 1135163 SNPs.
Reading reference panel LD Score from /data/LDScore/Reference_Files/eur_w_ld_chr/[1-22] ... (ldscore_fromlist)
Read reference panel LD Scores for 1290028 SNPs.
Removing partitioned LD Scores with zero variance.
Reading regression weight LD Score from /data/LDScore/Reference_Files/eur_w_ld_chr/[1-22] ... (ldscore_fromlist)
Read regression weight LD Scores for 1290028 SNPs.
After merging with reference panel LD, 1129656 SNPs remain.
After merging with regression SNP LD, 1129656 SNPs remain.
Computing rg for phenotype 2/2
Reading summary statistics from /data/LDScore/GWAS//MDD2019_ex23andMe/MDD2019.sumstats.gz ...
Read summary statistics for 1217311 SNPs.
After merging with summary statistics, 1129656 SNPs remain.
1126230 SNPs with valid alleles.

Heritability of phenotype 1
---------------------------
Total Observed scale h2: 0.0192 (0.002)
Lambda GC: 1.0895
Mean Chi^2: 1.1359
Intercept: 0.979 (0.0075)
Ratio < 0 (usually indicates GC correction).

Heritability of phenotype 2/2
-----------------------------
Total Observed scale h2: 0.0607 (0.0024)
Lambda GC: 1.4566
Mean Chi^2: 1.5958
Intercept: 0.9956 (0.0102)
Ratio < 0 (usually indicates GC correction).

Genetic Covariance
------------------
Total Observed scale gencov: -0.0005 (0.0011)
Mean z1*z2: -0.0015
Intercept: 0.0043 (0.0056)

Genetic Correlation
-------------------
Genetic Correlation: -0.0135 (0.0334)
Z-score: -0.4029
P: 0.687


Summary of Genetic Correlation Results
                                                                            p1                                                         p2      rg      se       z      p  h2_obs  h2_obs_se  h2_int  h2_int_se  gcov_int  gcov_int_se
 /data/LDScore/GWAS//PD2019_meta5_ex23andMe/PD2019.meta5.ex23andMe.sumstats.gz  /data/LDScore/GWAS//MDD2019_ex23andMe/MDD2019.sumstats.gz -0.0135  0.0334 -0.4029  0.687  0.0607     0.0024  0.9956     0.0102    0.0043       0.0056

Analysis finished at Fri Jun 11 13:52:29 2021
Total time elapsed: 15.81s
