*********************************************************************
* LD Score Regression (LDSC)
* Version 1.0.1
* (C) 2014-2019 Brendan Bulik-Sullivan and Hilary Finucane
* Broad Institute of MIT and Harvard / MIT Department of Mathematics
* GNU General Public License v3
*********************************************************************
Call: 
./ldsc.py \
--ref-ld-chr /data/LDScore/Reference_Files/eur_w_ld_chr/ \
--out /home/rreynolds/misc_projects/neurodegen-psych-local-corr/results/01_input_prep/ldsc_corr/PD2019_PD2019_rg \
--rg /data/LDScore/GWAS//PD2019_meta5_ex23andMe/PD2019.meta5.ex23andMe.sumstats.gz,/data/LDScore/GWAS//PD2019_meta5_ex23andMe/PD2019.meta5.ex23andMe.sumstats.gz \
--w-ld-chr /data/LDScore/Reference_Files/eur_w_ld_chr/ 

Beginning analysis at Fri Jun 11 13:52:31 2021
Reading summary statistics from /data/LDScore/GWAS//PD2019_meta5_ex23andMe/PD2019.meta5.ex23andMe.sumstats.gz ...
Read summary statistics for 1135163 SNPs.
Reading reference panel LD Score from /data/LDScore/Reference_Files/eur_w_ld_chr/[1-22] ... (ldscore_fromlist)
Read reference panel LD Scores for 1290028 SNPs.
Removing partitioned LD Scores with zero variance.
Reading regression weight LD Score from /data/LDScore/Reference_Files/eur_w_ld_chr/[1-22] ... (ldscore_fromlist)
Read regression weight LD Scores for 1290028 SNPs.
After merging with reference panel LD, 1129656 SNPs remain.
After merging with regression SNP LD, 1129656 SNPs remain.
Computing rg for phenotype 2/2
Reading summary statistics from /data/LDScore/GWAS//PD2019_meta5_ex23andMe/PD2019.meta5.ex23andMe.sumstats.gz ...
Read summary statistics for 1217311 SNPs.
After merging with summary statistics, 1129656 SNPs remain.
1129656 SNPs with valid alleles.

Heritability of phenotype 1
---------------------------
Total Observed scale h2: 0.0193 (0.0019)
Lambda GC: 1.0895
Mean Chi^2: 1.136
Intercept: 0.9787 (0.0073)
Ratio < 0 (usually indicates GC correction).

Heritability of phenotype 2/2
-----------------------------
Total Observed scale h2: 0.0193 (0.0019)
Lambda GC: 1.0895
Mean Chi^2: 1.136
Intercept: 0.9787 (0.0073)
Ratio < 0 (usually indicates GC correction).

Genetic Covariance
------------------
Total Observed scale gencov: 0.0193 (0.0019)
Mean z1*z2: 1.136
Intercept: 0.9787 (0.0073)

Genetic Correlation
-------------------
Genetic Correlation: 1. (1.1616e-07)
Z-score: 8608520.3621
P: 0.


Summary of Genetic Correlation Results
                                                                            p1                                                                             p2  rg          se             z  p  h2_obs  h2_obs_se  h2_int  h2_int_se  gcov_int  gcov_int_se
 /data/LDScore/GWAS//PD2019_meta5_ex23andMe/PD2019.meta5.ex23andMe.sumstats.gz  /data/LDScore/GWAS//PD2019_meta5_ex23andMe/PD2019.meta5.ex23andMe.sumstats.gz   1  1.1616e-07  8608520.3621  0  0.0193     0.0019  0.9787     0.0073    0.9787       0.0073

Analysis finished at Fri Jun 11 13:52:50 2021
Total time elapsed: 18.66s
